{"meta": {"format": 3, "version": "7.8.0", "timestamp": "2025-12-25T16:44:37.737904", "branch_coverage": false, "show_contexts": false}, "files": {"app/api/catalog.py": {"executed_lines": [1, 3, 4, 5, 6, 8, 9, 11, 12, 18, 20, 22, 25, 27, 34, 42, 44, 45, 46, 47, 48, 49, 55, 57, 61, 64, 68, 69, 72, 75, 80, 85, 88, 110, 129, 130, 131, 134, 135, 137, 140, 141, 142, 146, 148, 159, 160, 161, 171, 172, 173, 185, 207, 234, 235, 236, 239, 242, 247, 249, 250, 261, 262, 263, 264, 265, 266, 268, 278, 279, 280, 291, 292], "summary": {"covered_lines": 72, "num_statements": 89, "percent_covered": 80.89887640449439, "percent_covered_display": "81", "missing_lines": 17, "excluded_lines": 0}, "missing_lines": [143, 144, 174, 175, 176, 251, 281, 282, 283, 307, 308, 310, 311, 313, 315, 316, 317], "excluded_lines": [], "functions": {"_resolve_source_id": {"executed_lines": [44, 45, 46, 47, 48, 49], "summary": {"covered_lines": 6, "num_statements": 6, "percent_covered": 100.0, "percent_covered_display": "100", "missing_lines": 0, "excluded_lines": 0}, "missing_lines": [], "excluded_lines": []}, "_resolve_source_url": {"executed_lines": [57, 61], "summary": {"covered_lines": 2, "num_statements": 2, "percent_covered": 100.0, "percent_covered_display": "100", "missing_lines": 0, "excluded_lines": 0}, "missing_lines": [], "excluded_lines": []}, "_catalog_error_response": {"executed_lines": [68, 69, 72, 75, 80, 85], "summary": {"covered_lines": 6, "num_statements": 6, "percent_covered": 100.0, "percent_covered_display": "100", "missing_lines": 0, "excluded_lines": 0}, "missing_lines": [], "excluded_lines": []}, "get_catalog": {"executed_lines": [129, 130, 131, 134, 135, 137, 140, 146, 148, 159, 160, 161, 171, 172, 173], "summary": {"covered_lines": 15, "num_statements": 18, "percent_covered": 83.33333333333333, "percent_covered_display": "83", "missing_lines": 3, "excluded_lines": 0}, "missing_lines": [174, 175, 176], "excluded_lines": []}, "get_catalog._background_fetch": {"executed_lines": [141, 142], "summary": {"covered_lines": 2, "num_statements": 4, "percent_covered": 50.0, "percent_covered_display": "50", "missing_lines": 2, "excluded_lines": 0}, "missing_lines": [143, 144], "excluded_lines": []}, "search_catalog": {"executed_lines": [234, 235, 236, 239, 242, 247, 249, 250, 261, 262, 263, 264, 265, 266, 268, 278, 279, 280], "summary": {"covered_lines": 18, "num_statements": 22, "percent_covered": 81.81818181818181, "percent_covered_display": "82", "missing_lines": 4, "excluded_lines": 0}, "missing_lines": [251, 281, 282, 283], "excluded_lines": []}, "clear_catalog_cache": {"executed_lines": [], "summary": {"covered_lines": 0, "num_statements": 8, "percent_covered": 0.0, "percent_covered_display": "0", "missing_lines": 8, "excluded_lines": 0}, "missing_lines": [307, 308, 310, 311, 313, 315, 316, 317], "excluded_lines": []}, "": {"executed_lines": [1, 3, 4, 5, 6, 8, 9, 11, 12, 18, 20, 22, 25, 27, 34, 42, 55, 64, 88, 110, 185, 207, 291, 292], "summary": {"covered_lines": 23, "num_statements": 23, "percent_covered": 100.0, "percent_covered_display": "100", "missing_lines": 0, "excluded_lines": 0}, "missing_lines": [], "excluded_lines": []}}, "classes": {"": {"executed_lines": [1, 3, 4, 5, 6, 8, 9, 11, 12, 18, 20, 22, 25, 27, 34, 42, 44, 45, 46, 47, 48, 49, 55, 57, 61, 64, 68, 69, 72, 75, 80, 85, 88, 110, 129, 130, 131, 134, 135, 137, 140, 141, 142, 146, 148, 159, 160, 161, 171, 172, 173, 185, 207, 234, 235, 236, 239, 242, 247, 249, 250, 261, 262, 263, 264, 265, 266, 268, 278, 279, 280, 291, 292], "summary": {"covered_lines": 72, "num_statements": 89, "percent_covered": 80.89887640449439, "percent_covered_display": "81", "missing_lines": 17, "excluded_lines": 0}, "missing_lines": [143, 144, 174, 175, 176, 251, 281, 282, 283, 307, 308, 310, 311, 313, 315, 316, 317], "excluded_lines": []}}}, "app/models/catalog.py": {"executed_lines": [1, 3, 4, 6, 9, 10, 12, 13, 16, 17, 19, 20, 21, 22, 25, 26, 28, 29, 30, 35, 36, 37, 38, 39, 40, 41, 43, 51, 52, 53, 54, 55, 56, 57, 58, 62, 70, 79, 83, 87, 91, 95, 96, 100, 104, 108, 112, 116, 120, 124, 129, 130, 137, 139, 140, 143, 144, 145, 146, 147, 150, 152, 154, 155, 161, 164, 165, 166, 167, 170, 171, 172, 173, 176, 177, 179, 180, 181, 182, 183, 184, 187], "summary": {"covered_lines": 73, "num_statements": 78, "percent_covered": 93.58974358974359, "percent_covered_display": "94", "missing_lines": 5, "excluded_lines": 0}, "missing_lines": [44, 45, 46, 47, 48], "excluded_lines": [], "functions": {"OAuthConfig.__eq__": {"executed_lines": [], "summary": {"covered_lines": 0, "num_statements": 5, "percent_covered": 0.0, "percent_covered_display": "0", "missing_lines": 5, "excluded_lines": 0}, "missing_lines": [44, 45, 46, 47, 48], "excluded_lines": []}, "CatalogItem._derive_remote_flags": {"executed_lines": [137, 139, 140, 143, 144, 145, 146, 147, 150, 152], "summary": {"covered_lines": 10, "num_statements": 10, "percent_covered": 100.0, "percent_covered_display": "100", "missing_lines": 0, "excluded_lines": 0}, "missing_lines": [], "excluded_lines": []}, "CatalogItem._normalize_oauth_config": {"executed_lines": [161], "summary": {"covered_lines": 1, "num_statements": 1, "percent_covered": 100.0, "percent_covered_display": "100", "missing_lines": 0, "excluded_lines": 0}, "missing_lines": [], "excluded_lines": []}, "": {"executed_lines": [1, 3, 4, 6, 9, 10, 12, 13, 16, 17, 19, 20, 21, 22, 25, 26, 28, 29, 30, 35, 36, 37, 38, 39, 40, 41, 43, 51, 52, 53, 54, 55, 56, 57, 58, 62, 70, 79, 83, 87, 91, 95, 96, 100, 104, 108, 112, 116, 120, 124, 129, 130, 154, 155, 164, 165, 166, 167, 170, 171, 172, 173, 176, 177, 179, 180, 181, 182, 183, 184, 187], "summary": {"covered_lines": 62, "num_statements": 62, "percent_covered": 100.0, "percent_covered_display": "100", "missing_lines": 0, "excluded_lines": 0}, "missing_lines": [], "excluded_lines": []}}, "classes": {"CatalogSourceId": {"executed_lines": [], "summary": {"covered_lines": 0, "num_statements": 0, "percent_covered": 100.0, "percent_covered_display": "100", "missing_lines": 0, "excluded_lines": 0}, "missing_lines": [], "excluded_lines": []}, "CatalogErrorCode": {"executed_lines": [], "summary": {"covered_lines": 0, "num_statements": 0, "percent_covered": 100.0, "percent_covered_display": "100", "missing_lines": 0, "excluded_lines": 0}, "missing_lines": [], "excluded_lines": []}, "CatalogErrorResponse": {"executed_lines": [], "summary": {"covered_lines": 0, "num_statements": 0, "percent_covered": 100.0, "percent_covered_display": "100", "missing_lines": 0, "excluded_lines": 0}, "missing_lines": [], "excluded_lines": []}, "OAuthConfig": {"executed_lines": [], "summary": {"covered_lines": 0, "num_statements": 5, "percent_covered": 0.0, "percent_covered_display": "0", "missing_lines": 5, "excluded_lines": 0}, "missing_lines": [44, 45, 46, 47, 48], "excluded_lines": []}, "CatalogItem": {"executed_lines": [137, 139, 140, 143, 144, 145, 146, 147, 150, 152, 161], "summary": {"covered_lines": 11, "num_statements": 11, "percent_covered": 100.0, "percent_covered_display": "100", "missing_lines": 0, "excluded_lines": 0}, "missing_lines": [], "excluded_lines": []}, "Catalog": {"executed_lines": [], "summary": {"covered_lines": 0, "num_statements": 0, "percent_covered": 100.0, "percent_covered_display": "100", "missing_lines": 0, "excluded_lines": 0}, "missing_lines": [], "excluded_lines": []}, "CatalogSearchRequest": {"executed_lines": [], "summary": {"covered_lines": 0, "num_statements": 0, "percent_covered": 100.0, "percent_covered_display": "100", "missing_lines": 0, "excluded_lines": 0}, "missing_lines": [], "excluded_lines": []}, "CatalogResponse": {"executed_lines": [], "summary": {"covered_lines": 0, "num_statements": 0, "percent_covered": 100.0, "percent_covered_display": "100", "missing_lines": 0, "excluded_lines": 0}, "missing_lines": [], "excluded_lines": []}, "": {"executed_lines": [1, 3, 4, 6, 9, 10, 12, 13, 16, 17, 19, 20, 21, 22, 25, 26, 28, 29, 30, 35, 36, 37, 38, 39, 40, 41, 43, 51, 52, 53, 54, 55, 56, 57, 58, 62, 70, 79, 83, 87, 91, 95, 96, 100, 104, 108, 112, 116, 120, 124, 129, 130, 154, 155, 164, 165, 166, 167, 170, 171, 172, 173, 176, 177, 179, 180, 181, 182, 183, 184, 187], "summary": {"covered_lines": 62, "num_statements": 62, "percent_covered": 100.0, "percent_covered_display": "100", "missing_lines": 0, "excluded_lines": 0}, "missing_lines": [], "excluded_lines": []}}}, "app/services/catalog.py": {"executed_lines": [1, 3, 4, 5, 6, 7, 8, 9, 10, 11, 12, 13, 15, 16, 17, 19, 20, 21, 22, 24, 26, 28, 29, 34, 35, 37, 44, 49, 50, 51, 52, 55, 56, 58, 59, 60, 65, 69, 76, 78, 79, 80, 84, 86, 87, 88, 89, 95, 96, 103, 104, 110, 111, 117, 118, 125, 127, 128, 131, 132, 135, 137, 138, 140, 142, 143, 144, 145, 146, 147, 152, 153, 159, 160, 170, 173, 174, 175, 176, 179, 182, 185, 188, 190, 203, 209, 210, 211, 213, 214, 215, 217, 218, 221, 227, 228, 229, 231, 233, 241, 243, 251, 254, 255, 260, 261, 262, 265, 266, 275, 276, 286, 302, 303, 304, 305, 306, 308, 310, 313, 315, 316, 318, 319, 321, 324, 327, 329, 334, 335, 338, 341, 342, 344, 347, 348, 353, 359, 360, 362, 364, 365, 366, 367, 368, 369, 371, 372, 373, 374, 377, 379, 381, 382, 383, 385, 387, 400, 401, 402, 403, 404, 409, 410, 411, 414, 419, 420, 518, 519, 520, 524, 525, 529, 530, 539, 552, 576, 583, 591, 699, 703, 704, 705, 706, 718, 719, 720, 726, 748, 755, 758, 759, 760, 762, 763, 764, 765, 768, 769, 771, 772, 773, 774, 775, 777, 778, 779, 780, 781, 782, 783, 784, 785, 787, 790, 868, 871, 872, 873, 879, 880, 882, 883, 887, 888, 889, 890, 892, 893, 894, 895, 896, 897, 898, 899, 903, 904, 905, 906, 907, 908, 909, 914, 915, 916, 918, 1003, 1013, 1014, 1016, 1019, 1024, 1025, 1026, 1028, 1030, 1038, 1039, 1040, 1042, 1060, 1063, 1064, 1065, 1072, 1075, 1079, 1081, 1095], "summary": {"covered_lines": 266, "num_statements": 556, "percent_covered": 47.84172661870504, "percent_covered_display": "48", "missing_lines": 290, "excluded_lines": 0}, "missing_lines": [70, 90, 97, 98, 105, 112, 119, 120, 129, 133, 148, 149, 150, 154, 192, 193, 194, 195, 196, 197, 198, 199, 200, 201, 222, 223, 224, 234, 252, 256, 257, 258, 263, 268, 269, 270, 271, 273, 278, 279, 320, 339, 340, 349, 350, 370, 375, 376, 378, 380, 384, 425, 428, 429, 432, 434, 435, 441, 442, 448, 450, 451, 452, 453, 456, 458, 459, 462, 463, 464, 466, 468, 469, 472, 487, 488, 489, 492, 493, 494, 495, 496, 499, 500, 501, 502, 503, 504, 505, 506, 509, 510, 511, 512, 515, 516, 521, 534, 535, 536, 537, 543, 544, 546, 556, 557, 558, 560, 561, 563, 580, 581, 585, 586, 587, 588, 589, 597, 598, 599, 601, 603, 604, 606, 607, 608, 612, 613, 615, 616, 617, 618, 619, 621, 622, 624, 630, 635, 640, 641, 642, 643, 644, 645, 646, 647, 648, 649, 655, 656, 657, 658, 662, 678, 679, 680, 683, 684, 688, 689, 690, 692, 693, 695, 696, 697, 707, 708, 712, 716, 723, 724, 731, 732, 734, 735, 736, 737, 738, 739, 740, 741, 742, 743, 744, 745, 746, 756, 766, 767, 786, 791, 792, 793, 798, 799, 802, 804, 805, 806, 808, 809, 810, 811, 812, 813, 815, 816, 817, 818, 819, 820, 821, 822, 825, 826, 827, 828, 829, 831, 832, 833, 835, 836, 837, 838, 842, 843, 844, 845, 846, 847, 848, 850, 874, 877, 934, 939, 940, 941, 942, 943, 944, 950, 951, 952, 953, 956, 957, 958, 959, 960, 961, 962, 967, 969, 970, 971, 972, 973, 974, 975, 976, 977, 978, 979, 980, 981, 983, 1020, 1021, 1022, 1027, 1073, 1088, 1089, 1090, 1091, 1092, 1093, 1102, 1103, 1105, 1106, 1107, 1109, 1110, 1112, 1113, 1115], "excluded_lines": [], "functions": {"CatalogError.__init__": {"executed_lines": [44, 49, 50, 51, 52], "summary": {"covered_lines": 5, "num_statements": 5, "percent_covered": 100.0, "percent_covered_display": "100", "missing_lines": 0, "excluded_lines": 0}, "missing_lines": [], "excluded_lines": []}, "AllowedURLsValidator.__init__": {"executed_lines": [59, 60, 65, 69], "summary": {"covered_lines": 4, "num_statements": 5, "percent_covered": 80.0, "percent_covered_display": "80", "missing_lines": 1, "excluded_lines": 0}, "missing_lines": [70], "excluded_lines": []}, "AllowedURLsValidator.validate": {"executed_lines": [78, 79, 80, 84], "summary": {"covered_lines": 4, "num_statements": 4, "percent_covered": 100.0, "percent_covered_display": "100", "missing_lines": 0, "excluded_lines": 0}, "missing_lines": [], "excluded_lines": []}, "AllowedURLsValidator._normalize_url": {"executed_lines": [88, 89, 95, 96, 103, 104, 110, 111, 117, 118, 125, 127, 128, 131, 132, 135, 137, 138, 140], "summary": {"covered_lines": 19, "num_statements": 28, "percent_covered": 67.85714285714286, "percent_covered_display": "68", "missing_lines": 9, "excluded_lines": 0}, "missing_lines": [90, 97, 98, 105, 112, 119, 120, 129, 133], "excluded_lines": []}, "AllowedURLsValidator._normalize_hostname": {"executed_lines": [144, 145, 146, 147], "summary": {"covered_lines": 4, "num_statements": 7, "percent_covered": 57.142857142857146, "percent_covered_display": "57", "missing_lines": 3, "excluded_lines": 0}, "missing_lines": [148, 149, 150], "excluded_lines": []}, "AllowedURLsValidator._is_default_port": {"executed_lines": [], "summary": {"covered_lines": 0, "num_statements": 1, "percent_covered": 0.0, "percent_covered_display": "0", "missing_lines": 1, "excluded_lines": 0}, "missing_lines": [154], "excluded_lines": []}, "CatalogService.__init__": {"executed_lines": [173, 174, 175, 176, 179, 182, 185, 188], "summary": {"covered_lines": 8, "num_statements": 8, "percent_covered": 100.0, "percent_covered_display": "100", "missing_lines": 0, "excluded_lines": 0}, "missing_lines": [], "excluded_lines": []}, "CatalogService._append_warning": {"executed_lines": [], "summary": {"covered_lines": 0, "num_statements": 10, "percent_covered": 0.0, "percent_covered_display": "0", "missing_lines": 10, "excluded_lines": 0}, "missing_lines": [192, 193, 194, 195, 196, 197, 198, 199, 200, 201], "excluded_lines": []}, "CatalogService._filter_items_missing_image": {"executed_lines": [209, 210, 211, 213, 214, 215, 217, 218, 221, 227, 228, 229, 231, 233, 241], "summary": {"covered_lines": 15, "num_statements": 19, "percent_covered": 78.94736842105263, "percent_covered_display": "79", "missing_lines": 4, "excluded_lines": 0}, "missing_lines": [222, 223, 224, 234], "excluded_lines": []}, "CatalogService._is_valid_remote_endpoint": {"executed_lines": [251, 254, 255, 260, 261, 262, 265, 266], "summary": {"covered_lines": 8, "num_statements": 18, "percent_covered": 44.44444444444444, "percent_covered_display": "44", "missing_lines": 10, "excluded_lines": 0}, "missing_lines": [252, 256, 257, 258, 263, 268, 269, 270, 271, 273], "excluded_lines": []}, "CatalogService._is_secret_env": {"executed_lines": [], "summary": {"covered_lines": 0, "num_statements": 2, "percent_covered": 0.0, "percent_covered_display": "0", "missing_lines": 2, "excluded_lines": 0}, "missing_lines": [278, 279], "excluded_lines": []}, "CatalogService.fetch_catalog": {"executed_lines": [302, 303, 304, 305, 306, 308, 310, 313, 315, 316, 318, 319, 321, 324, 327, 329, 334, 335, 338, 341, 342, 344, 347, 348, 353], "summary": {"covered_lines": 25, "num_statements": 30, "percent_covered": 83.33333333333333, "percent_covered_display": "83", "missing_lines": 5, "excluded_lines": 0}, "missing_lines": [320, 339, 340, 349, 350], "excluded_lines": []}, "CatalogService.warning": {"executed_lines": [362], "summary": {"covered_lines": 1, "num_statements": 1, "percent_covered": 100.0, "percent_covered_display": "100", "missing_lines": 0, "excluded_lines": 0}, "missing_lines": [], "excluded_lines": []}, "CatalogService._parse_retry_after_seconds": {"executed_lines": [366, 367, 368, 369, 371, 372, 373, 374, 377, 379, 381, 382, 383, 385], "summary": {"covered_lines": 14, "num_statements": 20, "percent_covered": 70.0, "percent_covered_display": "70", "missing_lines": 6, "excluded_lines": 0}, "missing_lines": [370, 375, 376, 378, 380, 384], "excluded_lines": []}, "CatalogService._fetch_from_url": {"executed_lines": [400, 401, 402, 403, 404, 409, 410, 411, 414, 419, 420, 518, 519, 520, 524, 525, 529, 530], "summary": {"covered_lines": 18, "num_statements": 68, "percent_covered": 26.470588235294116, "percent_covered_display": "26", "missing_lines": 50, "excluded_lines": 0}, "missing_lines": [425, 428, 429, 432, 434, 435, 441, 442, 448, 450, 451, 452, 453, 456, 458, 459, 462, 463, 464, 466, 468, 469, 472, 487, 488, 489, 492, 493, 494, 495, 496, 499, 500, 501, 502, 503, 504, 505, 506, 509, 510, 511, 512, 515, 516, 521, 534, 535, 536, 537], "excluded_lines": []}, "CatalogService._is_github_contents_payload": {"executed_lines": [], "summary": {"covered_lines": 0, "num_statements": 3, "percent_covered": 0.0, "percent_covered_display": "0", "missing_lines": 3, "excluded_lines": 0}, "missing_lines": [543, 544, 546], "excluded_lines": []}, "CatalogService._convert_github_content_item": {"executed_lines": [], "summary": {"covered_lines": 0, "num_statements": 6, "percent_covered": 0.0, "percent_covered_display": "0", "missing_lines": 6, "excluded_lines": 0}, "missing_lines": [556, 557, 558, 560, 561, 563], "excluded_lines": []}, "CatalogService._fetch_github_server_yaml_with_limit": {"executed_lines": [], "summary": {"covered_lines": 0, "num_statements": 2, "percent_covered": 0.0, "percent_covered_display": "0", "missing_lines": 2, "excluded_lines": 0}, "missing_lines": [580, 581], "excluded_lines": []}, "CatalogService._should_retry_github": {"executed_lines": [], "summary": {"covered_lines": 0, "num_statements": 5, "percent_covered": 0.0, "percent_covered_display": "0", "missing_lines": 5, "excluded_lines": 0}, "missing_lines": [585, 586, 587, 588, 589], "excluded_lines": []}, "CatalogService._fetch_github_server_yaml": {"executed_lines": [], "summary": {"covered_lines": 0, "num_statements": 49, "percent_covered": 0.0, "percent_covered_display": "0", "missing_lines": 49, "excluded_lines": 0}, "missing_lines": [597, 598, 599, 601, 603, 604, 606, 607, 608, 612, 613, 615, 616, 617, 618, 619, 621, 622, 624, 630, 635, 640, 641, 642, 643, 644, 645, 646, 647, 648, 649, 655, 656, 657, 658, 662, 678, 679, 680, 683, 684, 688, 689, 690, 692, 693, 695, 696, 697], "excluded_lines": []}, "CatalogService._github_headers": {"executed_lines": [703, 704, 705, 706, 718, 719, 720], "summary": {"covered_lines": 7, "num_statements": 13, "percent_covered": 53.84615384615385, "percent_covered_display": "54", "missing_lines": 6, "excluded_lines": 0}, "missing_lines": [707, 708, 712, 716, 723, 724], "excluded_lines": []}, "CatalogService._extract_servers": {"executed_lines": [], "summary": {"covered_lines": 0, "num_statements": 15, "percent_covered": 0.0, "percent_covered_display": "0", "missing_lines": 15, "excluded_lines": 0}, "missing_lines": [731, 732, 734, 735, 736, 737, 738, 739, 740, 741, 742, 743, 744, 745, 746], "excluded_lines": []}, "CatalogService._convert_explore_server": {"executed_lines": [755, 758, 762, 771, 777, 790, 868, 871, 872, 873, 879, 880, 882, 883, 887, 888, 889, 890, 892, 893, 894, 895, 896, 897, 898, 899, 903, 904, 905, 906, 907, 908, 909, 914, 915, 916, 918], "summary": {"covered_lines": 37, "num_statements": 116, "percent_covered": 31.896551724137932, "percent_covered_display": "32", "missing_lines": 79, "excluded_lines": 0}, "missing_lines": [756, 791, 792, 793, 798, 799, 802, 804, 805, 806, 808, 809, 810, 811, 812, 813, 815, 816, 817, 818, 819, 820, 821, 822, 825, 826, 827, 828, 829, 831, 832, 833, 835, 836, 837, 838, 842, 843, 844, 845, 846, 847, 848, 850, 874, 877, 934, 939, 940, 941, 942, 943, 944, 950, 951, 952, 953, 956, 957, 958, 959, 960, 961, 962, 967, 969, 970, 971, 972, 973, 974, 975, 976, 977, 978, 979, 980, 981, 983], "excluded_lines": []}, "CatalogService._convert_explore_server._slug": {"executed_lines": [759, 760], "summary": {"covered_lines": 2, "num_statements": 2, "percent_covered": 100.0, "percent_covered_display": "100", "missing_lines": 0, "excluded_lines": 0}, "missing_lines": [], "excluded_lines": []}, "CatalogService._convert_explore_server._unique_id": {"executed_lines": [763, 764, 765, 768, 769], "summary": {"covered_lines": 5, "num_statements": 7, "percent_covered": 71.42857142857143, "percent_covered_display": "71", "missing_lines": 2, "excluded_lines": 0}, "missing_lines": [766, 767], "excluded_lines": []}, "CatalogService._convert_explore_server._coerce_str": {"executed_lines": [772, 773, 774, 775], "summary": {"covered_lines": 4, "num_statements": 4, "percent_covered": 100.0, "percent_covered_display": "100", "missing_lines": 0, "excluded_lines": 0}, "missing_lines": [], "excluded_lines": []}, "CatalogService._convert_explore_server._normalize_url": {"executed_lines": [778, 779, 780, 781, 782, 783, 784, 785, 787], "summary": {"covered_lines": 9, "num_statements": 10, "percent_covered": 90.0, "percent_covered_display": "90", "missing_lines": 1, "excluded_lines": 0}, "missing_lines": [786], "excluded_lines": []}, "CatalogService.get_cached_catalog": {"executed_lines": [1013, 1014, 1016, 1019, 1024, 1025, 1026, 1028], "summary": {"covered_lines": 8, "num_statements": 12, "percent_covered": 66.66666666666667, "percent_covered_display": "67", "missing_lines": 4, "excluded_lines": 0}, "missing_lines": [1020, 1021, 1022, 1027], "excluded_lines": []}, "CatalogService.update_cache": {"executed_lines": [1038, 1039, 1040], "summary": {"covered_lines": 3, "num_statements": 3, "percent_covered": 100.0, "percent_covered_display": "100", "missing_lines": 0, "excluded_lines": 0}, "missing_lines": [], "excluded_lines": []}, "CatalogService.search_catalog": {"executed_lines": [1060, 1063, 1064, 1065, 1072, 1075, 1079], "summary": {"covered_lines": 7, "num_statements": 8, "percent_covered": 87.5, "percent_covered_display": "88", "missing_lines": 1, "excluded_lines": 0}, "missing_lines": [1073], "excluded_lines": []}, "CatalogService.clear_cache": {"executed_lines": [], "summary": {"covered_lines": 0, "num_statements": 6, "percent_covered": 0.0, "percent_covered_display": "0", "missing_lines": 6, "excluded_lines": 0}, "missing_lines": [1088, 1089, 1090, 1091, 1092, 1093], "excluded_lines": []}, "CatalogService.cleanup_expired_cache": {"executed_lines": [], "summary": {"covered_lines": 0, "num_statements": 10, "percent_covered": 0.0, "percent_covered_display": "0", "missing_lines": 10, "excluded_lines": 0}, "missing_lines": [1102, 1103, 1105, 1106, 1107, 1109, 1110, 1112, 1113, 1115], "excluded_lines": []}, "": {"executed_lines": [1, 3, 4, 5, 6, 7, 8, 9, 10, 11, 12, 13, 15, 16, 17, 19, 20, 21, 22, 24, 26, 28, 29, 34, 35, 37, 55, 56, 58, 76, 86, 87, 142, 143, 152, 153, 159, 160, 170, 190, 203, 243, 275, 276, 286, 359, 360, 364, 365, 387, 539, 552, 576, 583, 591, 699, 726, 748, 1003, 1030, 1042, 1081, 1095], "summary": {"covered_lines": 59, "num_statements": 59, "percent_covered": 100.0, "percent_covered_display": "100", "missing_lines": 0, "excluded_lines": 0}, "missing_lines": [], "excluded_lines": []}}, "classes": {"CatalogError": {"executed_lines": [44, 49, 50, 51, 52], "summary": {"covered_lines": 5, "num_statements": 5, "percent_covered": 100.0, "percent_covered_display": "100", "missing_lines": 0, "excluded_lines": 0}, "missing_lines": [], "excluded_lines": []}, "AllowedURLsValidator": {"executed_lines": [59, 60, 65, 69, 78, 79, 80, 84, 88, 89, 95, 96, 103, 104, 110, 111, 117, 118, 125, 127, 128, 131, 132, 135, 137, 138, 140, 144, 145, 146, 147], "summary": {"covered_lines": 31, "num_statements": 45, "percent_covered": 68.88888888888889, "percent_covered_display": "69", "missing_lines": 14, "excluded_lines": 0}, "missing_lines": [70, 90, 97, 98, 105, 112, 119, 120, 129, 133, 148, 149, 150, 154], "excluded_lines": []}, "CatalogService": {"executed_lines": [173, 174, 175, 176, 179, 182, 185, 188, 209, 210, 211, 213, 214, 215, 217, 218, 221, 227, 228, 229, 231, 233, 241, 251, 254, 255, 260, 261, 262, 265, 266, 302, 303, 304, 305, 306, 308, 310, 313, 315, 316, 318, 319, 321, 324, 327, 329, 334, 335, 338, 341, 342, 344, 347, 348, 353, 362, 366, 367, 368, 369, 371, 372, 373, 374, 377, 379, 381, 382, 383, 385, 400, 401, 402, 403, 404, 409, 410, 411, 414, 419, 420, 518, 519, 520, 524, 525, 529, 530, 703, 704, 705, 706, 718, 719, 720, 755, 758, 759, 760, 762, 763, 764, 765, 768, 769, 771, 772, 773, 774, 775, 777, 778, 779, 780, 781, 782, 783, 784, 785, 787, 790, 868, 871, 872, 873, 879, 880, 882, 883, 887, 888, 889, 890, 892, 893, 894, 895, 896, 897, 898, 899, 903, 904, 905, 906, 907, 908, 909, 914, 915, 916, 918, 1013, 1014, 1016, 1019, 1024, 1025, 1026, 1028, 1038, 1039, 1040, 1060, 1063, 1064, 1065, 1072, 1075, 1079], "summary": {"covered_lines": 171, "num_statements": 447, "percent_covered": 38.25503355704698, "percent_covered_display": "38", "missing_lines": 276, "excluded_lines": 0}, "missing_lines": [192, 193, 194, 195, 196, 197, 198, 199, 200, 201, 222, 223, 224, 234, 252, 256, 257, 258, 263, 268, 269, 270, 271, 273, 278, 279, 320, 339, 340, 349, 350, 370, 375, 376, 378, 380, 384, 425, 428, 429, 432, 434, 435, 441, 442, 448, 450, 451, 452, 453, 456, 458, 459, 462, 463, 464, 466, 468, 469, 472, 487, 488, 489, 492, 493, 494, 495, 496, 499, 500, 501, 502, 503, 504, 505, 506, 509, 510, 511, 512, 515, 516, 521, 534, 535, 536, 537, 543, 544, 546, 556, 557, 558, 560, 561, 563, 580, 581, 585, 586, 587, 588, 589, 597, 598, 599, 601, 603, 604, 606, 607, 608, 612, 613, 615, 616, 617, 618, 619, 621, 622, 624, 630, 635, 640, 641, 642, 643, 644, 645, 646, 647, 648, 649, 655, 656, 657, 658, 662, 678, 679, 680, 683, 684, 688, 689, 690, 692, 693, 695, 696, 697, 707, 708, 712, 716, 723, 724, 731, 732, 734, 735, 736, 737, 738, 739, 740, 741, 742, 743, 744, 745, 746, 756, 766, 767, 786, 791, 792, 793, 798, 799, 802, 804, 805, 806, 808, 809, 810, 811, 812, 813, 815, 816, 817, 818, 819, 820, 821, 822, 825, 826, 827, 828, 829, 831, 832, 833, 835, 836, 837, 838, 842, 843, 844, 845, 846, 847, 848, 850, 874, 877, 934, 939, 940, 941, 942, 943, 944, 950, 951, 952, 953, 956, 957, 958, 959, 960, 961, 962, 967, 969, 970, 971, 972, 973, 974, 975, 976, 977, 978, 979, 980, 981, 983, 1020, 1021, 1022, 1027, 1073, 1088, 1089, 1090, 1091, 1092, 1093, 1102, 1103, 1105, 1106, 1107, 1109, 1110, 1112, 1113, 1115], "excluded_lines": []}, "": {"executed_lines": [1, 3, 4, 5, 6, 7, 8, 9, 10, 11, 12, 13, 15, 16, 17, 19, 20, 21, 22, 24, 26, 28, 29, 34, 35, 37, 55, 56, 58, 76, 86, 87, 142, 143, 152, 153, 159, 160, 170, 190, 203, 243, 275, 276, 286, 359, 360, 364, 365, 387, 539, 552, 576, 583, 591, 699, 726, 748, 1003, 1030, 1042, 1081, 1095], "summary": {"covered_lines": 59, "num_statements": 59, "percent_covered": 100.0, "percent_covered_display": "100", "missing_lines": 0, "excluded_lines": 0}, "missing_lines": [], "excluded_lines": []}}}}, "totals": {"covered_lines": 411, "num_statements": 723, "percent_covered": 56.84647302904564, "percent_covered_display": "57", "missing_lines": 312, "excluded_lines": 0}}